{"@timestamp":"2025-09-23T22:48:14.5414591-05:00","@version":"1","message":"Starting MsMiddlewareSigncryptApplication using Java 17.0.9 with PID 36036 (F:\\Filebeat\\FILEBEATS\\SeguridadesMicro\\ms-middleware-signcrypt\\target\\classes started by PC in F:\\Filebeat\\FILEBEATS\\SeguridadesMicro\\ms-middleware-signcrypt)","logger_name":"com.example.ms_middleware_signcrypt.MsMiddlewareSigncryptApplication","thread_name":"main","level":"INFO","level_value":20000}
{"@timestamp":"2025-09-23T22:48:14.5494555-05:00","@version":"1","message":"No active profile set, falling back to 1 default profile: \"default\"","logger_name":"com.example.ms_middleware_signcrypt.MsMiddlewareSigncryptApplication","thread_name":"main","level":"INFO","level_value":20000}
{"@timestamp":"2025-09-23T22:48:15.2574308-05:00","@version":"1","message":"Tomcat initialized with port 8443 (http)","logger_name":"org.springframework.boot.web.embedded.tomcat.TomcatWebServer","thread_name":"main","level":"INFO","level_value":20000}
{"@timestamp":"2025-09-23T22:48:15.2654012-05:00","@version":"1","message":"Initializing ProtocolHandler [\"http-nio-0.0.0.0-8443\"]","logger_name":"org.apache.coyote.http11.Http11NioProtocol","thread_name":"main","level":"INFO","level_value":20000}
{"@timestamp":"2025-09-23T22:48:15.2664008-05:00","@version":"1","message":"Starting service [Tomcat]","logger_name":"org.apache.catalina.core.StandardService","thread_name":"main","level":"INFO","level_value":20000}
{"@timestamp":"2025-09-23T22:48:15.2664008-05:00","@version":"1","message":"Starting Servlet engine: [Apache Tomcat/10.1.43]","logger_name":"org.apache.catalina.core.StandardEngine","thread_name":"main","level":"INFO","level_value":20000}
{"@timestamp":"2025-09-23T22:48:15.3169716-05:00","@version":"1","message":"Initializing Spring embedded WebApplicationContext","logger_name":"org.apache.catalina.core.ContainerBase.[Tomcat].[localhost].[/api]","thread_name":"main","level":"INFO","level_value":20000}
{"@timestamp":"2025-09-23T22:48:15.3169716-05:00","@version":"1","message":"Root WebApplicationContext: initialization completed in 742 ms","logger_name":"org.springframework.boot.web.servlet.context.ServletWebServerApplicationContext","thread_name":"main","level":"INFO","level_value":20000}
{"@timestamp":"2025-09-23T22:48:15.7800187-05:00","@version":"1","message":"Starting ProtocolHandler [\"http-nio-0.0.0.0-8443\"]","logger_name":"org.apache.coyote.http11.Http11NioProtocol","thread_name":"main","level":"INFO","level_value":20000}
{"@timestamp":"2025-09-23T22:48:15.7940199-05:00","@version":"1","message":"Tomcat started on port 8443 (http) with context path '/api'","logger_name":"org.springframework.boot.web.embedded.tomcat.TomcatWebServer","thread_name":"main","level":"INFO","level_value":20000}
{"@timestamp":"2025-09-23T22:48:15.8290197-05:00","@version":"1","message":"Apache Camel 4.14.0 (camel-1) is starting","logger_name":"org.apache.camel.impl.engine.AbstractCamelContext","thread_name":"main","level":"INFO","level_value":20000}
{"@timestamp":"2025-09-23T22:48:15.8340196-05:00","@version":"1","message":"Routes startup (total:0)","logger_name":"org.apache.camel.impl.engine.AbstractCamelContext","thread_name":"main","level":"INFO","level_value":20000}
{"@timestamp":"2025-09-23T22:48:15.8350194-05:00","@version":"1","message":"Apache Camel 4.14.0 (camel-1) started in 4ms (build:0ms init:0ms start:4ms boot:293ms)","logger_name":"org.apache.camel.impl.engine.AbstractCamelContext","thread_name":"main","level":"INFO","level_value":20000}
{"@timestamp":"2025-09-23T22:48:15.8370192-05:00","@version":"1","message":"Started MsMiddlewareSigncryptApplication in 1.895 seconds (process running for 2.47)","logger_name":"com.example.ms_middleware_signcrypt.MsMiddlewareSigncryptApplication","thread_name":"main","level":"INFO","level_value":20000}
{"@timestamp":"2025-09-23T22:50:05.2208592-05:00","@version":"1","message":"Commencing graceful shutdown. Waiting for active requests to complete","logger_name":"org.springframework.boot.web.embedded.tomcat.GracefulShutdown","thread_name":"SpringApplicationShutdownHook","level":"INFO","level_value":20000}
{"@timestamp":"2025-09-23T22:50:07.6430826-05:00","@version":"1","message":"Graceful shutdown complete","logger_name":"org.springframework.boot.web.embedded.tomcat.GracefulShutdown","thread_name":"tomcat-shutdown","level":"INFO","level_value":20000}
{"@timestamp":"2025-09-23T22:50:07.6449399-05:00","@version":"1","message":"Apache Camel 4.14.0 (camel-1) is shutting down (timeout:45s)","logger_name":"org.apache.camel.impl.engine.AbstractCamelContext","thread_name":"SpringApplicationShutdownHook","level":"INFO","level_value":20000}
{"@timestamp":"2025-09-23T22:50:07.646974-05:00","@version":"1","message":"Routes stopped (total:0)","logger_name":"org.apache.camel.impl.engine.AbstractCamelContext","thread_name":"SpringApplicationShutdownHook","level":"INFO","level_value":20000}
{"@timestamp":"2025-09-23T22:50:07.6527362-05:00","@version":"1","message":"Apache Camel 4.14.0 (camel-1) shutdown in 7ms (uptime:1m51s)","logger_name":"org.apache.camel.impl.engine.AbstractCamelContext","thread_name":"SpringApplicationShutdownHook","level":"INFO","level_value":20000}
{"@timestamp":"2025-09-23T22:50:09.6403951-05:00","@version":"1","message":"Starting MsMiddlewareSigncryptApplication using Java 17.0.9 with PID 12088 (F:\\Filebeat\\FILEBEATS\\SeguridadesMicro\\ms-middleware-signcrypt\\target\\classes started by PC in F:\\Filebeat\\FILEBEATS\\SeguridadesMicro\\ms-middleware-signcrypt)","logger_name":"com.example.ms_middleware_signcrypt.MsMiddlewareSigncryptApplication","thread_name":"main","level":"INFO","level_value":20000}
{"@timestamp":"2025-09-23T22:50:09.6471936-05:00","@version":"1","message":"No active profile set, falling back to 1 default profile: \"default\"","logger_name":"com.example.ms_middleware_signcrypt.MsMiddlewareSigncryptApplication","thread_name":"main","level":"INFO","level_value":20000}
{"@timestamp":"2025-09-23T22:50:10.3121801-05:00","@version":"1","message":"Tomcat initialized with port 8443 (http)","logger_name":"org.springframework.boot.web.embedded.tomcat.TomcatWebServer","thread_name":"main","level":"INFO","level_value":20000}
{"@timestamp":"2025-09-23T22:50:10.3191797-05:00","@version":"1","message":"Initializing ProtocolHandler [\"http-nio-0.0.0.0-8443\"]","logger_name":"org.apache.coyote.http11.Http11NioProtocol","thread_name":"main","level":"INFO","level_value":20000}
{"@timestamp":"2025-09-23T22:50:10.3201799-05:00","@version":"1","message":"Starting service [Tomcat]","logger_name":"org.apache.catalina.core.StandardService","thread_name":"main","level":"INFO","level_value":20000}
{"@timestamp":"2025-09-23T22:50:10.3201799-05:00","@version":"1","message":"Starting Servlet engine: [Apache Tomcat/10.1.43]","logger_name":"org.apache.catalina.core.StandardEngine","thread_name":"main","level":"INFO","level_value":20000}
{"@timestamp":"2025-09-23T22:50:10.3671825-05:00","@version":"1","message":"Initializing Spring embedded WebApplicationContext","logger_name":"org.apache.catalina.core.ContainerBase.[Tomcat].[localhost].[/api]","thread_name":"main","level":"INFO","level_value":20000}
{"@timestamp":"2025-09-23T22:50:10.3671825-05:00","@version":"1","message":"Root WebApplicationContext: initialization completed in 697 ms","logger_name":"org.springframework.boot.web.servlet.context.ServletWebServerApplicationContext","thread_name":"main","level":"INFO","level_value":20000}
{"@timestamp":"2025-09-23T22:50:10.7931306-05:00","@version":"1","message":"Starting ProtocolHandler [\"http-nio-0.0.0.0-8443\"]","logger_name":"org.apache.coyote.http11.Http11NioProtocol","thread_name":"main","level":"INFO","level_value":20000}
{"@timestamp":"2025-09-23T22:50:10.8071297-05:00","@version":"1","message":"Tomcat started on port 8443 (http) with context path '/api'","logger_name":"org.springframework.boot.web.embedded.tomcat.TomcatWebServer","thread_name":"main","level":"INFO","level_value":20000}
{"@timestamp":"2025-09-23T22:50:10.843129-05:00","@version":"1","message":"Apache Camel 4.14.0 (camel-1) is starting","logger_name":"org.apache.camel.impl.engine.AbstractCamelContext","thread_name":"main","level":"INFO","level_value":20000}
{"@timestamp":"2025-09-23T22:50:10.85013-05:00","@version":"1","message":"Routes startup (total:0)","logger_name":"org.apache.camel.impl.engine.AbstractCamelContext","thread_name":"main","level":"INFO","level_value":20000}
{"@timestamp":"2025-09-23T22:50:10.8511297-05:00","@version":"1","message":"Apache Camel 4.14.0 (camel-1) started in 6ms (build:0ms init:0ms start:6ms boot:286ms)","logger_name":"org.apache.camel.impl.engine.AbstractCamelContext","thread_name":"main","level":"INFO","level_value":20000}
{"@timestamp":"2025-09-23T22:50:10.8541289-05:00","@version":"1","message":"Started MsMiddlewareSigncryptApplication in 1.713 seconds (process running for 2.202)","logger_name":"com.example.ms_middleware_signcrypt.MsMiddlewareSigncryptApplication","thread_name":"main","level":"INFO","level_value":20000}
{"@timestamp":"2025-09-23T22:50:58.453164-05:00","@version":"1","message":"Commencing graceful shutdown. Waiting for active requests to complete","logger_name":"org.springframework.boot.web.embedded.tomcat.GracefulShutdown","thread_name":"SpringApplicationShutdownHook","level":"INFO","level_value":20000}
{"@timestamp":"2025-09-23T22:51:00.8639126-05:00","@version":"1","message":"Graceful shutdown complete","logger_name":"org.springframework.boot.web.embedded.tomcat.GracefulShutdown","thread_name":"tomcat-shutdown","level":"INFO","level_value":20000}
{"@timestamp":"2025-09-23T22:51:00.8658823-05:00","@version":"1","message":"Apache Camel 4.14.0 (camel-1) is shutting down (timeout:45s)","logger_name":"org.apache.camel.impl.engine.AbstractCamelContext","thread_name":"SpringApplicationShutdownHook","level":"INFO","level_value":20000}
{"@timestamp":"2025-09-23T22:51:00.8679125-05:00","@version":"1","message":"Routes stopped (total:0)","logger_name":"org.apache.camel.impl.engine.AbstractCamelContext","thread_name":"SpringApplicationShutdownHook","level":"INFO","level_value":20000}
{"@timestamp":"2025-09-23T22:51:00.8709131-05:00","@version":"1","message":"Apache Camel 4.14.0 (camel-1) shutdown in 4ms (uptime:50s)","logger_name":"org.apache.camel.impl.engine.AbstractCamelContext","thread_name":"SpringApplicationShutdownHook","level":"INFO","level_value":20000}
{"@timestamp":"2025-09-23T22:51:02.9449999-05:00","@version":"1","message":"Starting MsMiddlewareSigncryptApplication using Java 17.0.9 with PID 30224 (F:\\Filebeat\\FILEBEATS\\SeguridadesMicro\\ms-middleware-signcrypt\\target\\classes started by PC in F:\\Filebeat\\FILEBEATS\\SeguridadesMicro\\ms-middleware-signcrypt)","logger_name":"com.example.ms_middleware_signcrypt.MsMiddlewareSigncryptApplication","thread_name":"main","level":"INFO","level_value":20000}
{"@timestamp":"2025-09-23T22:51:02.9529997-05:00","@version":"1","message":"No active profile set, falling back to 1 default profile: \"default\"","logger_name":"com.example.ms_middleware_signcrypt.MsMiddlewareSigncryptApplication","thread_name":"main","level":"INFO","level_value":20000}
{"@timestamp":"2025-09-23T22:51:03.612904-05:00","@version":"1","message":"Tomcat initialized with port 8443 (http)","logger_name":"org.springframework.boot.web.embedded.tomcat.TomcatWebServer","thread_name":"main","level":"INFO","level_value":20000}
{"@timestamp":"2025-09-23T22:51:03.6204921-05:00","@version":"1","message":"Initializing ProtocolHandler [\"http-nio-0.0.0.0-8443\"]","logger_name":"org.apache.coyote.http11.Http11NioProtocol","thread_name":"main","level":"INFO","level_value":20000}
{"@timestamp":"2025-09-23T22:51:03.6214919-05:00","@version":"1","message":"Starting service [Tomcat]","logger_name":"org.apache.catalina.core.StandardService","thread_name":"main","level":"INFO","level_value":20000}
{"@timestamp":"2025-09-23T22:51:03.6214919-05:00","@version":"1","message":"Starting Servlet engine: [Apache Tomcat/10.1.43]","logger_name":"org.apache.catalina.core.StandardEngine","thread_name":"main","level":"INFO","level_value":20000}
{"@timestamp":"2025-09-23T22:51:03.6664174-05:00","@version":"1","message":"Initializing Spring embedded WebApplicationContext","logger_name":"org.apache.catalina.core.ContainerBase.[Tomcat].[localhost].[/api]","thread_name":"main","level":"INFO","level_value":20000}
{"@timestamp":"2025-09-23T22:51:03.6664174-05:00","@version":"1","message":"Root WebApplicationContext: initialization completed in 689 ms","logger_name":"org.springframework.boot.web.servlet.context.ServletWebServerApplicationContext","thread_name":"main","level":"INFO","level_value":20000}
{"@timestamp":"2025-09-23T22:51:04.0898445-05:00","@version":"1","message":"Starting ProtocolHandler [\"http-nio-0.0.0.0-8443\"]","logger_name":"org.apache.coyote.http11.Http11NioProtocol","thread_name":"main","level":"INFO","level_value":20000}
{"@timestamp":"2025-09-23T22:51:04.1058458-05:00","@version":"1","message":"Tomcat started on port 8443 (http) with context path '/api'","logger_name":"org.springframework.boot.web.embedded.tomcat.TomcatWebServer","thread_name":"main","level":"INFO","level_value":20000}
{"@timestamp":"2025-09-23T22:51:04.138845-05:00","@version":"1","message":"Apache Camel 4.14.0 (camel-1) is starting","logger_name":"org.apache.camel.impl.engine.AbstractCamelContext","thread_name":"main","level":"INFO","level_value":20000}
{"@timestamp":"2025-09-23T22:51:04.1444238-05:00","@version":"1","message":"Routes startup (total:0)","logger_name":"org.apache.camel.impl.engine.AbstractCamelContext","thread_name":"main","level":"INFO","level_value":20000}
{"@timestamp":"2025-09-23T22:51:04.1444238-05:00","@version":"1","message":"Apache Camel 4.14.0 (camel-1) started in 4ms (build:0ms init:0ms start:4ms boot:283ms)","logger_name":"org.apache.camel.impl.engine.AbstractCamelContext","thread_name":"main","level":"INFO","level_value":20000}
{"@timestamp":"2025-09-23T22:51:04.1474234-05:00","@version":"1","message":"Started MsMiddlewareSigncryptApplication in 1.737 seconds (process running for 2.285)","logger_name":"com.example.ms_middleware_signcrypt.MsMiddlewareSigncryptApplication","thread_name":"main","level":"INFO","level_value":20000}
{"@timestamp":"2025-09-23T22:56:48.2162987-05:00","@version":"1","message":"Commencing graceful shutdown. Waiting for active requests to complete","logger_name":"org.springframework.boot.web.embedded.tomcat.GracefulShutdown","thread_name":"SpringApplicationShutdownHook","level":"INFO","level_value":20000}
{"@timestamp":"2025-09-23T22:56:50.5737098-05:00","@version":"1","message":"Graceful shutdown complete","logger_name":"org.springframework.boot.web.embedded.tomcat.GracefulShutdown","thread_name":"tomcat-shutdown","level":"INFO","level_value":20000}
{"@timestamp":"2025-09-23T22:56:50.5757093-05:00","@version":"1","message":"Apache Camel 4.14.0 (camel-1) is shutting down (timeout:45s)","logger_name":"org.apache.camel.impl.engine.AbstractCamelContext","thread_name":"SpringApplicationShutdownHook","level":"INFO","level_value":20000}
{"@timestamp":"2025-09-23T22:56:50.5777082-05:00","@version":"1","message":"Routes stopped (total:0)","logger_name":"org.apache.camel.impl.engine.AbstractCamelContext","thread_name":"SpringApplicationShutdownHook","level":"INFO","level_value":20000}
{"@timestamp":"2025-09-23T22:56:50.5807086-05:00","@version":"1","message":"Apache Camel 4.14.0 (camel-1) shutdown in 4ms (uptime:5m46s)","logger_name":"org.apache.camel.impl.engine.AbstractCamelContext","thread_name":"SpringApplicationShutdownHook","level":"INFO","level_value":20000}
