{"@timestamp":"2025-09-23T22:56:59.3883088-05:00","@version":"1","message":"Starting MsMiddlewareSigncryptApplication using Java 17.0.9 with PID 37244 (F:\\Filebeat\\FILEBEATS\\SeguridadesMicro\\ms-middleware-signcrypt\\target\\classes started by PC in F:\\Filebeat\\FILEBEATS\\SeguridadesMicro\\ms-middleware-signcrypt)","logger_name":"com.example.ms_middleware_signcrypt.MsMiddlewareSigncryptApplication","thread_name":"main","level":"INFO","level_value":20000}
{"@timestamp":"2025-09-23T22:56:59.3958472-05:00","@version":"1","message":"No active profile set, falling back to 1 default profile: \"default\"","logger_name":"com.example.ms_middleware_signcrypt.MsMiddlewareSigncryptApplication","thread_name":"main","level":"INFO","level_value":20000}
{"@timestamp":"2025-09-23T22:57:00.1655-05:00","@version":"1","message":"Tomcat initialized with port 8443 (http)","logger_name":"org.springframework.boot.web.embedded.tomcat.TomcatWebServer","thread_name":"main","level":"INFO","level_value":20000}
{"@timestamp":"2025-09-23T22:57:00.1725292-05:00","@version":"1","message":"Initializing ProtocolHandler [\"http-nio-0.0.0.0-8443\"]","logger_name":"org.apache.coyote.http11.Http11NioProtocol","thread_name":"main","level":"INFO","level_value":20000}
{"@timestamp":"2025-09-23T22:57:00.1735372-05:00","@version":"1","message":"Starting service [Tomcat]","logger_name":"org.apache.catalina.core.StandardService","thread_name":"main","level":"INFO","level_value":20000}
{"@timestamp":"2025-09-23T22:57:00.1735372-05:00","@version":"1","message":"Starting Servlet engine: [Apache Tomcat/10.1.43]","logger_name":"org.apache.catalina.core.StandardEngine","thread_name":"main","level":"INFO","level_value":20000}
{"@timestamp":"2025-09-23T22:57:00.2211361-05:00","@version":"1","message":"Initializing Spring embedded WebApplicationContext","logger_name":"org.apache.catalina.core.ContainerBase.[Tomcat].[localhost].[/api]","thread_name":"main","level":"INFO","level_value":20000}
{"@timestamp":"2025-09-23T22:57:00.2211361-05:00","@version":"1","message":"Root WebApplicationContext: initialization completed in 800 ms","logger_name":"org.springframework.boot.web.servlet.context.ServletWebServerApplicationContext","thread_name":"main","level":"INFO","level_value":20000}
{"@timestamp":"2025-09-23T22:57:00.6437181-05:00","@version":"1","message":"Starting ProtocolHandler [\"http-nio-0.0.0.0-8443\"]","logger_name":"org.apache.coyote.http11.Http11NioProtocol","thread_name":"main","level":"INFO","level_value":20000}
{"@timestamp":"2025-09-23T22:57:00.6577179-05:00","@version":"1","message":"Tomcat started on port 8443 (http) with context path '/api'","logger_name":"org.springframework.boot.web.embedded.tomcat.TomcatWebServer","thread_name":"main","level":"INFO","level_value":20000}
{"@timestamp":"2025-09-23T22:57:00.6957099-05:00","@version":"1","message":"Apache Camel 4.14.0 (camel-1) is starting","logger_name":"org.apache.camel.impl.engine.AbstractCamelContext","thread_name":"main","level":"INFO","level_value":20000}
{"@timestamp":"2025-09-23T22:57:00.7016947-05:00","@version":"1","message":"Routes startup (total:0)","logger_name":"org.apache.camel.impl.engine.AbstractCamelContext","thread_name":"main","level":"INFO","level_value":20000}
{"@timestamp":"2025-09-23T22:57:00.7016947-05:00","@version":"1","message":"Apache Camel 4.14.0 (camel-1) started in 4ms (build:0ms init:0ms start:4ms boot:283ms)","logger_name":"org.apache.camel.impl.engine.AbstractCamelContext","thread_name":"main","level":"INFO","level_value":20000}
{"@timestamp":"2025-09-23T22:57:00.703725-05:00","@version":"1","message":"Started MsMiddlewareSigncryptApplication in 1.807 seconds (process running for 9.085)","logger_name":"com.example.ms_middleware_signcrypt.MsMiddlewareSigncryptApplication","thread_name":"main","level":"INFO","level_value":20000}
{"@timestamp":"2025-09-23T23:54:11.4168798-05:00","@version":"1","message":"Commencing graceful shutdown. Waiting for active requests to complete","logger_name":"org.springframework.boot.web.embedded.tomcat.GracefulShutdown","thread_name":"SpringApplicationShutdownHook","level":"INFO","level_value":20000}
{"@timestamp":"2025-09-23T23:54:13.8273025-05:00","@version":"1","message":"Graceful shutdown complete","logger_name":"org.springframework.boot.web.embedded.tomcat.GracefulShutdown","thread_name":"tomcat-shutdown","level":"INFO","level_value":20000}
{"@timestamp":"2025-09-23T23:54:13.8403001-05:00","@version":"1","message":"Apache Camel 4.14.0 (camel-1) is shutting down (timeout:45s)","logger_name":"org.apache.camel.impl.engine.AbstractCamelContext","thread_name":"SpringApplicationShutdownHook","level":"INFO","level_value":20000}
{"@timestamp":"2025-09-23T23:54:13.8563019-05:00","@version":"1","message":"Routes stopped (total:0)","logger_name":"org.apache.camel.impl.engine.AbstractCamelContext","thread_name":"SpringApplicationShutdownHook","level":"INFO","level_value":20000}
{"@timestamp":"2025-09-23T23:54:13.8673006-05:00","@version":"1","message":"Apache Camel 4.14.0 (camel-1) shutdown in 27ms (uptime:57m13s)","logger_name":"org.apache.camel.impl.engine.AbstractCamelContext","thread_name":"SpringApplicationShutdownHook","level":"INFO","level_value":20000}
{"@timestamp":"2025-09-23T23:54:22.2882223-05:00","@version":"1","message":"Starting MsMiddlewareSigncryptApplication using Java 17.0.9 with PID 2540 (F:\\Filebeat\\FILEBEATS\\SeguridadesMicro\\ms-middleware-signcrypt\\target\\classes started by PC in F:\\Filebeat\\FILEBEATS\\SeguridadesMicro\\ms-middleware-signcrypt)","logger_name":"com.example.ms_middleware_signcrypt.MsMiddlewareSigncryptApplication","thread_name":"main","level":"INFO","level_value":20000}
{"@timestamp":"2025-09-23T23:54:22.2952219-05:00","@version":"1","message":"No active profile set, falling back to 1 default profile: \"default\"","logger_name":"com.example.ms_middleware_signcrypt.MsMiddlewareSigncryptApplication","thread_name":"main","level":"INFO","level_value":20000}
{"@timestamp":"2025-09-23T23:54:23.0290189-05:00","@version":"1","message":"Tomcat initialized with port 8443 (http)","logger_name":"org.springframework.boot.web.embedded.tomcat.TomcatWebServer","thread_name":"main","level":"INFO","level_value":20000}
{"@timestamp":"2025-09-23T23:54:23.0360202-05:00","@version":"1","message":"Initializing ProtocolHandler [\"http-nio-0.0.0.0-8443\"]","logger_name":"org.apache.coyote.http11.Http11NioProtocol","thread_name":"main","level":"INFO","level_value":20000}
{"@timestamp":"2025-09-23T23:54:23.0370187-05:00","@version":"1","message":"Starting service [Tomcat]","logger_name":"org.apache.catalina.core.StandardService","thread_name":"main","level":"INFO","level_value":20000}
{"@timestamp":"2025-09-23T23:54:23.0370187-05:00","@version":"1","message":"Starting Servlet engine: [Apache Tomcat/10.1.43]","logger_name":"org.apache.catalina.core.StandardEngine","thread_name":"main","level":"INFO","level_value":20000}
{"@timestamp":"2025-09-23T23:54:23.0870187-05:00","@version":"1","message":"Initializing Spring embedded WebApplicationContext","logger_name":"org.apache.catalina.core.ContainerBase.[Tomcat].[localhost].[/api]","thread_name":"main","level":"INFO","level_value":20000}
{"@timestamp":"2025-09-23T23:54:23.0870187-05:00","@version":"1","message":"Root WebApplicationContext: initialization completed in 767 ms","logger_name":"org.springframework.boot.web.servlet.context.ServletWebServerApplicationContext","thread_name":"main","level":"INFO","level_value":20000}
{"@timestamp":"2025-09-23T23:54:23.5129136-05:00","@version":"1","message":"Starting ProtocolHandler [\"http-nio-0.0.0.0-8443\"]","logger_name":"org.apache.coyote.http11.Http11NioProtocol","thread_name":"main","level":"INFO","level_value":20000}
{"@timestamp":"2025-09-23T23:54:23.5269144-05:00","@version":"1","message":"Tomcat started on port 8443 (http) with context path '/api'","logger_name":"org.springframework.boot.web.embedded.tomcat.TomcatWebServer","thread_name":"main","level":"INFO","level_value":20000}
{"@timestamp":"2025-09-23T23:54:23.5647827-05:00","@version":"1","message":"Apache Camel 4.14.0 (camel-1) is starting","logger_name":"org.apache.camel.impl.engine.AbstractCamelContext","thread_name":"main","level":"INFO","level_value":20000}
{"@timestamp":"2025-09-23T23:54:23.5717824-05:00","@version":"1","message":"Routes startup (total:0)","logger_name":"org.apache.camel.impl.engine.AbstractCamelContext","thread_name":"main","level":"INFO","level_value":20000}
{"@timestamp":"2025-09-23T23:54:23.5717824-05:00","@version":"1","message":"Apache Camel 4.14.0 (camel-1) started in 5ms (build:0ms init:0ms start:5ms boot:285ms)","logger_name":"org.apache.camel.impl.engine.AbstractCamelContext","thread_name":"main","level":"INFO","level_value":20000}
{"@timestamp":"2025-09-23T23:54:23.5737814-05:00","@version":"1","message":"Started MsMiddlewareSigncryptApplication in 1.77 seconds (process running for 8.739)","logger_name":"com.example.ms_middleware_signcrypt.MsMiddlewareSigncryptApplication","thread_name":"main","level":"INFO","level_value":20000}
{"@timestamp":"2025-09-23T23:56:18.2701725-05:00","@version":"1","message":"Commencing graceful shutdown. Waiting for active requests to complete","logger_name":"org.springframework.boot.web.embedded.tomcat.GracefulShutdown","thread_name":"SpringApplicationShutdownHook","level":"INFO","level_value":20000}
{"@timestamp":"2025-09-23T23:56:20.683062-05:00","@version":"1","message":"Graceful shutdown complete","logger_name":"org.springframework.boot.web.embedded.tomcat.GracefulShutdown","thread_name":"tomcat-shutdown","level":"INFO","level_value":20000}
{"@timestamp":"2025-09-23T23:56:20.6850595-05:00","@version":"1","message":"Apache Camel 4.14.0 (camel-1) is shutting down (timeout:45s)","logger_name":"org.apache.camel.impl.engine.AbstractCamelContext","thread_name":"SpringApplicationShutdownHook","level":"INFO","level_value":20000}
{"@timestamp":"2025-09-23T23:56:20.6870624-05:00","@version":"1","message":"Routes stopped (total:0)","logger_name":"org.apache.camel.impl.engine.AbstractCamelContext","thread_name":"SpringApplicationShutdownHook","level":"INFO","level_value":20000}
{"@timestamp":"2025-09-23T23:56:20.6900615-05:00","@version":"1","message":"Apache Camel 4.14.0 (camel-1) shutdown in 4ms (uptime:1m57s)","logger_name":"org.apache.camel.impl.engine.AbstractCamelContext","thread_name":"SpringApplicationShutdownHook","level":"INFO","level_value":20000}
{"@timestamp":"2025-09-23T23:56:22.6879498-05:00","@version":"1","message":"Starting MsMiddlewareSigncryptApplication using Java 17.0.9 with PID 40580 (F:\\Filebeat\\FILEBEATS\\SeguridadesMicro\\ms-middleware-signcrypt\\target\\classes started by PC in F:\\Filebeat\\FILEBEATS\\SeguridadesMicro\\ms-middleware-signcrypt)","logger_name":"com.example.ms_middleware_signcrypt.MsMiddlewareSigncryptApplication","thread_name":"main","level":"INFO","level_value":20000}
{"@timestamp":"2025-09-23T23:56:22.6949483-05:00","@version":"1","message":"No active profile set, falling back to 1 default profile: \"default\"","logger_name":"com.example.ms_middleware_signcrypt.MsMiddlewareSigncryptApplication","thread_name":"main","level":"INFO","level_value":20000}
{"@timestamp":"2025-09-23T23:56:23.3415801-05:00","@version":"1","message":"Tomcat initialized with port 8443 (http)","logger_name":"org.springframework.boot.web.embedded.tomcat.TomcatWebServer","thread_name":"main","level":"INFO","level_value":20000}
{"@timestamp":"2025-09-23T23:56:23.3485828-05:00","@version":"1","message":"Initializing ProtocolHandler [\"http-nio-0.0.0.0-8443\"]","logger_name":"org.apache.coyote.http11.Http11NioProtocol","thread_name":"main","level":"INFO","level_value":20000}
{"@timestamp":"2025-09-23T23:56:23.350582-05:00","@version":"1","message":"Starting service [Tomcat]","logger_name":"org.apache.catalina.core.StandardService","thread_name":"main","level":"INFO","level_value":20000}
{"@timestamp":"2025-09-23T23:56:23.350582-05:00","@version":"1","message":"Starting Servlet engine: [Apache Tomcat/10.1.43]","logger_name":"org.apache.catalina.core.StandardEngine","thread_name":"main","level":"INFO","level_value":20000}
{"@timestamp":"2025-09-23T23:56:23.3966438-05:00","@version":"1","message":"Initializing Spring embedded WebApplicationContext","logger_name":"org.apache.catalina.core.ContainerBase.[Tomcat].[localhost].[/api]","thread_name":"main","level":"INFO","level_value":20000}
{"@timestamp":"2025-09-23T23:56:23.3966438-05:00","@version":"1","message":"Root WebApplicationContext: initialization completed in 677 ms","logger_name":"org.springframework.boot.web.servlet.context.ServletWebServerApplicationContext","thread_name":"main","level":"INFO","level_value":20000}
{"@timestamp":"2025-09-23T23:56:23.8344174-05:00","@version":"1","message":"Starting ProtocolHandler [\"http-nio-0.0.0.0-8443\"]","logger_name":"org.apache.coyote.http11.Http11NioProtocol","thread_name":"main","level":"INFO","level_value":20000}
{"@timestamp":"2025-09-23T23:56:23.8534177-05:00","@version":"1","message":"Tomcat started on port 8443 (http) with context path '/api'","logger_name":"org.springframework.boot.web.embedded.tomcat.TomcatWebServer","thread_name":"main","level":"INFO","level_value":20000}
{"@timestamp":"2025-09-23T23:56:23.8870029-05:00","@version":"1","message":"Apache Camel 4.14.0 (camel-1) is starting","logger_name":"org.apache.camel.impl.engine.AbstractCamelContext","thread_name":"main","level":"INFO","level_value":20000}
{"@timestamp":"2025-09-23T23:56:23.8930033-05:00","@version":"1","message":"Routes startup (total:0)","logger_name":"org.apache.camel.impl.engine.AbstractCamelContext","thread_name":"main","level":"INFO","level_value":20000}
{"@timestamp":"2025-09-23T23:56:23.8930033-05:00","@version":"1","message":"Apache Camel 4.14.0 (camel-1) started in 5ms (build:0ms init:0ms start:5ms boot:289ms)","logger_name":"org.apache.camel.impl.engine.AbstractCamelContext","thread_name":"main","level":"INFO","level_value":20000}
{"@timestamp":"2025-09-23T23:56:23.895003-05:00","@version":"1","message":"Started MsMiddlewareSigncryptApplication in 1.793 seconds (process running for 2.32)","logger_name":"com.example.ms_middleware_signcrypt.MsMiddlewareSigncryptApplication","thread_name":"main","level":"INFO","level_value":20000}
